<?xml version="1.0" encoding="UTF-8"?>
<testsuite xmlns:xsi="http://www.w3.org/2001/XMLSchema-instance" xsi:noNamespaceSchemaLocation="https://maven.apache.org/surefire/maven-surefire-plugin/xsd/surefire-test-report-3.0.xsd" version="3.0" name="tests.MainPageTest" time="2.749" tests="1" errors="0" skipped="0" failures="0">
  <properties>
[...]
</properties>
  <testcase name="testFillingFormAndSend" classname="tests.MainPageTest" time="0.676">
    <system-out><![CDATA[17:57:30.884 [main] INFO  driver.WebDriverSetup - Начало инициализации драйвера
17:57:30.897 [main] INFO  driver.WebDriverFactory - Создаём объект драйвера
17:57:30.898 [main] INFO  driver.WebDriverFactory - Выбран браузер: chrome
17:57:30.906 [main] INFO  driver.WebDriverFactory - Опции из командной строки: --incognito,--disable-extensions,--headless
17:57:32.499 [main] INFO  driver.WebDriverFactory - Объект драйвера создан
17:57:32.510 [main] INFO  driver.WebDriverSetup - Наинаем проходить тест
17:57:32.639 [main] INFO  tests.MainPageTest - Тест: Заполнение формы и отправка
17:57:32.651 [main] INFO  driver.WebDriverSetup - Открыта страница https://otus.home.kartushin.su/form.html
17:57:32.692 [main] INFO  driver.WebDriverSetup - Отчистил поле 'Имя пользователя' перед вводом ASamuylov
17:57:32.741 [main] INFO  driver.WebDriverSetup - Заполнил поле 'Имя пользователя' значением: ASamuylov
17:57:32.765 [main] INFO  driver.WebDriverSetup - Отчистил поле 'Имя пользователя' перед вводом test@test.ru
17:57:32.804 [main] INFO  driver.WebDriverSetup - Заполнил поле 'Электронная почта' значением: test@test.ru
17:57:32.828 [main] INFO  driver.WebDriverSetup - Отчистил поле 'Пароль' перед вводом
17:57:32.854 [main] INFO  driver.WebDriverSetup - Заполнил поле 'Пароль'
17:57:32.878 [main] INFO  driver.WebDriverSetup - Отчистил поле 'Подтвердите пароль' перед вводом
17:57:32.906 [main] INFO  driver.WebDriverSetup - Заполнил поле 'Подтвердите пароль'
17:57:32.931 [main] INFO  driver.WebDriverSetup - Отчистил поле 'Дата рождения' перед вводом
17:57:32.962 [main] INFO  driver.WebDriverSetup - Заполнил поле 'Дата рождения' значением: 11.11.2025
17:57:32.963 [main] INFO  driver.WebDriverSetup - Находим и раскрываем выпадающий список с уровнями владения языка
17:57:33.015 [main] INFO  driver.WebDriverSetup - Находим уровень 'Продвинутый' и выбираем его
17:57:33.044 [main] INFO  driver.WebDriverSetup - Нажимаю на выпадающий список для его закрытия
17:57:33.090 [main] INFO  driver.WebDriverSetup - Нажимаю на кнопку 'Зарегистрироваться'
17:57:33.161 [main] INFO  driver.WebDriverSetup - Данные в поле output:
Имя пользователя: ASamuylov
Электронная почта: test@test.ru
Дата рождения: 2025-11-11
Уровень языка: advanced
====================
17:57:33.175 [main] INFO  driver.WebDriverSetup - Тест завершён
]]></system-out>
    <system-err><![CDATA[дек. 06, 2025 5:57:32 PM org.openqa.selenium.devtools.CdpVersionFinder findNearestMatch
WARNING: Unable to find CDP implementation matching 143
дек. 06, 2025 5:57:32 PM org.openqa.selenium.chromium.ChromiumDriver lambda$new$5
WARNING: Unable to find version of CDP to use for 143.0.7499.40. You may need to include a dependency on a specific version of the CDP using something similar to `org.seleniumhq.selenium:selenium-devtools-v86:4.23.0` where the version ("v86") matches the version of the chromium-based browser you're using and the version number of the artifact is the same as Selenium's.
]]></system-err>
  </testcase>
</testsuite>